#
# A fatal error has been detected by the Java Runtime Environment:
#
#  SIGBUS (0x7) at pc=0x00007fce7ec5dd60, pid=3844, tid=0x00007fce7cb1a700
#
# JRE version: OpenJDK Runtime Environment (8.0_161-b14) (build 1.8.0_161-b14)
# Java VM: OpenJDK 64-Bit Server VM (25.161-b14 mixed mode linux-amd64 compressed oops)
# Problematic frame:
# C  [libzip.so+0x4d60]
#
# Core dump written. Default location: /home/stock/IdeaProjects/t10/core or core.3844
#
# If you would like to submit a bug report, please visit:
#   http://bugreport.java.com/bugreport/crash.jsp
# The crash happened outside the Java Virtual Machine in native code.
# See problematic frame for where to report the bug.
#

---------------  T H R E A D  ---------------

Current thread (0x00007fce40072b90):  JavaThread "qtp346832564-15" [_thread_in_native, id=3860, stack(0x00007fce7ca1a000,0x00007fce7cb1b000)]

siginfo: si_signo: 7 (SIGBUS), si_code: 2 (BUS_ADRERR), si_addr: 0x00007fce7d342e3b

Registers:
RAX=0x00007fce64007f20, RBX=0x00007fce7810a630, RCX=0x00007fce64000020, RDX=0x00007fce64007f20
RSP=0x00007fce7cb170a0, RBP=0x00007fce7cb17110, RSI=0x00007fce64007a20, RDI=0x0000000000000000
R8 =0x00007fce64007f20, R9 =0x0000000000000029, R10=0x00007fce691b33d8, R11=0x0000000000000029
R12=0x0000000000017e1d, R13=0x00000000c70efd2e, R14=0x00007fce64007f20, R15=0x00007fce7d342e1d
RIP=0x00007fce7ec5dd60, EFLAGS=0x0000000000010206, CSGSFS=0x002b000000000033, ERR=0x0000000000000004
  TRAPNO=0x000000000000000e

Top of Stack: (sp=0x00007fce7cb170a0)
0x00007fce7cb170a0:   00007fce64007cf0 00007fce7e3c6ec8
0x00007fce7cb170b0:   000001677e452620 00007fce7e44b8a8
0x00007fce7cb170c0:   00007fce40073498 00007fce7e44b868
0x00007fce7cb170d0:   00007fce40072b90 000000008104a531
0x00007fce7cb170e0:   0000000000000029 00007fce781014c0
0x00007fce7cb170f0:   0000000000000029 00000000c70efd2e
0x00007fce7cb17100:   00007fce7810a630 00007fce6003ec60
0x00007fce7cb17110:   00007fce7cb17160 00007fce7ec5ea5e
0x00007fce7cb17120:   01007fce00000029 00007fce7cb17180
0x00007fce7cb17130:   000000007e3c6ec8 0000000000000029
0x00007fce7cb17140:   00007fce40072de8 00007fce7cb175d8
0x00007fce7cb17150:   00007fce7cb17180 00007fce7810a630
0x00007fce7cb17160:   00007fce7cb175c0 00007fce7ec5ca15
0x00007fce7cb17170:   00007fce7cb17bf8 cb95a4d100000001
0x00007fce7cb17180:   696c63652f67726f 7474656a2f657370
0x00007fce7cb17190:   6972572f6f692f79 656873756c466574
0x00007fce7cb171a0:   73616c632e312472 00007fce7cb10073
0x00007fce7cb171b0:   00007fce81b9a100 00007fce8181dd2a
0x00007fce7cb171c0:   00007fce7e29c148 00007fce7cb17270
0x00007fce7cb171d0:   00007fce64000e10 00007fce00000000
0x00007fce7cb171e0:   0000000064007cf0 0000000000000000
0x00007fce7cb171f0:   00007fce7df1fdf0 ffffffffffffffff
0x00007fce7cb17200:   00007fce7cb17270 cb95a4d100000000
0x00007fce7cb17210:   0000000000000001 0000000000000000
0x00007fce7cb17220:   00007fce00000000 00007fce00000000
0x00007fce7cb17230:   00007fce8132fa7a 00007fce7cb17310
0x00007fce7cb17240:   00007fce00000000 00007fce00000031
0x00007fce7cb17250:   00007fce8132fa7a 00007fce8184f7ec
0x00007fce7cb17260:   00007fce7cb17bf8 00007fce8132fa7b
0x00007fce7cb17270:   00007fce8132fa79 00007fce8132fa79
0x00007fce7cb17280:   00007fce7cb17820 00007fce7cb179e0
0x00007fce7cb17290:   0000000000000000 00007fce7cb17830 

Instructions: (pc=0x00007fce7ec5dd60)
0x00007fce7ec5dd40:   00 00 00 48 c7 40 28 00 00 00 00 4d 8b 24 24 0f
0x00007fce7ec5dd50:   84 1b 01 00 00 4c 2b 63 28 4c 8b 7b 18 4d 01 e7
0x00007fce7ec5dd60:   41 0f b7 47 1e 45 0f b7 6f 1c 45 31 e4 66 89 45
0x00007fce7ec5dd70:   ca 41 0f b7 47 20 44 89 ea 66 89 45 c8 41 8b 47 

Register to memory mapping:

RAX=0x00007fce64007f20 is an unknown value
RBX=0x00007fce7810a630 is an unknown value
RCX=0x00007fce64000020 is an unknown value
RDX=0x00007fce64007f20 is an unknown value
RSP=0x00007fce7cb170a0 is pointing into the stack for thread: 0x00007fce40072b90
RBP=0x00007fce7cb17110 is pointing into the stack for thread: 0x00007fce40072b90
RSI=0x00007fce64007a20 is an unknown value
RDI=0x0000000000000000 is an unknown value
R8 =0x00007fce64007f20 is an unknown value
R9 =0x0000000000000029 is an unknown value
R10=0x00007fce691b33d8 is at entry_point+88 in (nmethod*)0x00007fce691b3210
R11=0x0000000000000029 is an unknown value
R12=0x0000000000017e1d is an unknown value
R13=0x00000000c70efd2e is an unallocated location in the heap
R14=0x00007fce64007f20 is an unknown value
R15=0x00007fce7d342e1d is an unknown value


Stack: [0x00007fce7ca1a000,0x00007fce7cb1b000],  sp=0x00007fce7cb170a0,  free space=1012k
Native frames: (J=compiled Java code, j=interpreted, Vv=VM code, C=native code)
C  [libzip.so+0x4d60]
C  [libzip.so+0x5a5e]
C  [libzip.so+0x3a15]  Java_java_util_zip_ZipFile_getEntry+0x85
J 326  java.util.zip.ZipFile.getEntry(J[BZ)J (0 bytes) @ 0x00007fce691b344e [0x00007fce691b3380+0xce]
J 442 C1 java.util.zip.ZipFile.getEntry(Ljava/lang/String;)Ljava/util/zip/ZipEntry; (101 bytes) @ 0x00007fce691f2227 [0x00007fce691f2060+0x1c7]
J 549 C1 java.util.jar.JarFile.getEntry(Ljava/lang/String;)Ljava/util/zip/ZipEntry; (22 bytes) @ 0x00007fce6923f223 [0x00007fce6923f1a0+0x83]
J 612 C2 sun.misc.URLClassPath$JarLoader.getResource(Ljava/lang/String;Z)Lsun/misc/Resource; (85 bytes) @ 0x00007fce69275fb0 [0x00007fce69275d20+0x290]
J 309 C1 sun.misc.URLClassPath.getResource(Ljava/lang/String;Z)Lsun/misc/Resource; (83 bytes) @ 0x00007fce691a5966 [0x00007fce691a5800+0x166]
J 365 C1 java.net.URLClassLoader$1.run()Ljava/lang/Class; (63 bytes) @ 0x00007fce691c3695 [0x00007fce691c34a0+0x1f5]
J 338 C1 java.net.URLClassLoader$1.run()Ljava/lang/Object; (5 bytes) @ 0x00007fce691b9309 [0x00007fce691b9280+0x89]
v  ~StubRoutines::call_stub
V  [libjvm.so+0x6ad42b]
V  [libjvm.so+0x702b24]  JVM_DoPrivileged+0x504
J 313  java.security.AccessController.doPrivileged(Ljava/security/PrivilegedExceptionAction;Ljava/security/AccessControlContext;)Ljava/lang/Object; (0 bytes) @ 0x00007fce691aa815 [0x00007fce691aa740+0xd5]
J 337 C1 java.net.URLClassLoader.findClass(Ljava/lang/String;)Ljava/lang/Class; (47 bytes) @ 0x00007fce691b8a80 [0x00007fce691b8900+0x180]
J 123 C1 java.lang.ClassLoader.loadClass(Ljava/lang/String;Z)Ljava/lang/Class; (122 bytes) @ 0x00007fce69143f96 [0x00007fce691436e0+0x8b6]
J 303 C1 sun.misc.Launcher$AppClassLoader.loadClass(Ljava/lang/String;Z)Ljava/lang/Class; (85 bytes) @ 0x00007fce691a4643 [0x00007fce691a3d80+0x8c3]
J 302 C1 java.lang.ClassLoader.loadClass(Ljava/lang/String;)Ljava/lang/Class; (7 bytes) @ 0x00007fce691a39c2 [0x00007fce691a38c0+0x102]
v  ~StubRoutines::call_stub
V  [libjvm.so+0x6ad42b]
V  [libjvm.so+0x6aaaeb]
V  [libjvm.so+0x6ab153]
V  [libjvm.so+0xad80f4]
V  [libjvm.so+0xad6959]
V  [libjvm.so+0xad89dc]
V  [libjvm.so+0x4e9221]
V  [libjvm.so+0x4eb66a]
V  [libjvm.so+0x7dd4d5]
V  [libjvm.so+0x69f158]
j  org.eclipse.jetty.io.WriteFlusher.onFail(Ljava/lang/Throwable;)Z+11
j  org.eclipse.jetty.io.WriteFlusher.onClose()V+8
j  org.eclipse.jetty.io.AbstractEndPoint.onClose()V+8
j  org.eclipse.jetty.io.ChannelEndPoint.onClose()V+1
j  org.eclipse.jetty.io.AbstractEndPoint.doOnClose(Ljava/lang/Throwable;)V+9
j  org.eclipse.jetty.io.AbstractEndPoint.close(Ljava/lang/Throwable;)V+75
j  org.eclipse.jetty.io.AbstractEndPoint.close()V+2
j  org.eclipse.jetty.io.AbstractConnection.close()V+4
j  org.eclipse.jetty.server.HttpChannelOverHttp.earlyEOF()V+25
j  org.eclipse.jetty.http.HttpParser.parseNext(Ljava/nio/ByteBuffer;)Z+386
j  org.eclipse.jetty.server.HttpConnection.parseRequestBuffer()Z+60
j  org.eclipse.jetty.server.HttpConnection.onFillable()V+72
j  org.eclipse.jetty.io.AbstractConnection$ReadCallback.succeeded()V+4
j  org.eclipse.jetty.io.FillInterest.fillable()V+61
j  org.eclipse.jetty.io.ChannelEndPoint$2.run()V+7
j  org.eclipse.jetty.util.thread.QueuedThreadPool.runJob(Ljava/lang/Runnable;)V+1
j  org.eclipse.jetty.util.thread.QueuedThreadPool$2.run()V+104
j  java.lang.Thread.run()V+11
v  ~StubRoutines::call_stub
V  [libjvm.so+0x6ad42b]
V  [libjvm.so+0x6aaaeb]
V  [libjvm.so+0x6ab0d7]
V  [libjvm.so+0x6f324b]
V  [libjvm.so+0xb09793]
V  [libjvm.so+0xb09be2]
V  [libjvm.so+0x91c392]
C  [libpthread.so.0+0x736d]  start_thread+0xdd

Java frames: (J=compiled Java code, j=interpreted, Vv=VM code)
J 326  java.util.zip.ZipFile.getEntry(J[BZ)J (0 bytes) @ 0x00007fce691b33d8 [0x00007fce691b3380+0x58]
J 442 C1 java.util.zip.ZipFile.getEntry(Ljava/lang/String;)Ljava/util/zip/ZipEntry; (101 bytes) @ 0x00007fce691f2227 [0x00007fce691f2060+0x1c7]
J 549 C1 java.util.jar.JarFile.getEntry(Ljava/lang/String;)Ljava/util/zip/ZipEntry; (22 bytes) @ 0x00007fce6923f223 [0x00007fce6923f1a0+0x83]
J 612 C2 sun.misc.URLClassPath$JarLoader.getResource(Ljava/lang/String;Z)Lsun/misc/Resource; (85 bytes) @ 0x00007fce69275fb0 [0x00007fce69275d20+0x290]
J 309 C1 sun.misc.URLClassPath.getResource(Ljava/lang/String;Z)Lsun/misc/Resource; (83 bytes) @ 0x00007fce691a5966 [0x00007fce691a5800+0x166]
J 365 C1 java.net.URLClassLoader$1.run()Ljava/lang/Class; (63 bytes) @ 0x00007fce691c3695 [0x00007fce691c34a0+0x1f5]
J 338 C1 java.net.URLClassLoader$1.run()Ljava/lang/Object; (5 bytes) @ 0x00007fce691b9309 [0x00007fce691b9280+0x89]
v  ~StubRoutines::call_stub
J 313  java.security.AccessController.doPrivileged(Ljava/security/PrivilegedExceptionAction;Ljava/security/AccessControlContext;)Ljava/lang/Object; (0 bytes) @ 0x00007fce691aa7a3 [0x00007fce691aa740+0x63]
J 337 C1 java.net.URLClassLoader.findClass(Ljava/lang/String;)Ljava/lang/Class; (47 bytes) @ 0x00007fce691b8a80 [0x00007fce691b8900+0x180]
J 123 C1 java.lang.ClassLoader.loadClass(Ljava/lang/String;Z)Ljava/lang/Class; (122 bytes) @ 0x00007fce69143f96 [0x00007fce691436e0+0x8b6]
J 303 C1 sun.misc.Launcher$AppClassLoader.loadClass(Ljava/lang/String;Z)Ljava/lang/Class; (85 bytes) @ 0x00007fce691a4643 [0x00007fce691a3d80+0x8c3]
J 302 C1 java.lang.ClassLoader.loadClass(Ljava/lang/String;)Ljava/lang/Class; (7 bytes) @ 0x00007fce691a39c2 [0x00007fce691a38c0+0x102]
v  ~StubRoutines::call_stub
j  org.eclipse.jetty.io.WriteFlusher.onFail(Ljava/lang/Throwable;)Z+11
j  org.eclipse.jetty.io.WriteFlusher.onClose()V+8
j  org.eclipse.jetty.io.AbstractEndPoint.onClose()V+8
j  org.eclipse.jetty.io.ChannelEndPoint.onClose()V+1
j  org.eclipse.jetty.io.AbstractEndPoint.doOnClose(Ljava/lang/Throwable;)V+9
j  org.eclipse.jetty.io.AbstractEndPoint.close(Ljava/lang/Throwable;)V+75
j  org.eclipse.jetty.io.AbstractEndPoint.close()V+2
j  org.eclipse.jetty.io.AbstractConnection.close()V+4
j  org.eclipse.jetty.server.HttpChannelOverHttp.earlyEOF()V+25
j  org.eclipse.jetty.http.HttpParser.parseNext(Ljava/nio/ByteBuffer;)Z+386
j  org.eclipse.jetty.server.HttpConnection.parseRequestBuffer()Z+60
j  org.eclipse.jetty.server.HttpConnection.onFillable()V+72
j  org.eclipse.jetty.io.AbstractConnection$ReadCallback.succeeded()V+4
j  org.eclipse.jetty.io.FillInterest.fillable()V+61
j  org.eclipse.jetty.io.ChannelEndPoint$2.run()V+7
j  org.eclipse.jetty.util.thread.QueuedThreadPool.runJob(Ljava/lang/Runnable;)V+1
j  org.eclipse.jetty.util.thread.QueuedThreadPool$2.run()V+104
j  java.lang.Thread.run()V+11
v  ~StubRoutines::call_stub

---------------  P R O C E S S  ---------------

Java Threads: ( => current thread )
  0x00007fce6003f410 JavaThread "qtp346832564-24" [_thread_blocked, id=5200, stack(0x00007fce7c0ea000,0x00007fce7c1eb000)]
  0x00007fce50006990 JavaThread "SIGHUP handler" daemon [_thread_blocked, id=5199, stack(0x00007fce7cf1f000,0x00007fce7d020000)]
  0x00007fce4805b8a0 JavaThread "qtp346832564-22" [_thread_blocked, id=3870, stack(0x00007fce68dfe000,0x00007fce68eff000)]
  0x00007fce5c007ae0 JavaThread "Scheduler-1659119415" [_thread_blocked, id=3869, stack(0x00007fce68eff000,0x00007fce69000000)]
  0x00005623ed5e1e20 JavaThread "qtp346832564-19" [_thread_blocked, id=3867, stack(0x00007fce7c1eb000,0x00007fce7c2ec000)]
  0x00007fce400914d0 JavaThread "Scheduler-1529558756" [_thread_blocked, id=3863, stack(0x00007fce7c717000,0x00007fce7c818000)]
  0x00007fce40075b50 JavaThread "qtp346832564-17" [_thread_blocked, id=3862, stack(0x00007fce7c818000,0x00007fce7c919000)]
  0x00007fce40074370 JavaThread "qtp346832564-16" [_thread_blocked, id=3861, stack(0x00007fce7c919000,0x00007fce7ca1a000)]
=>0x00007fce40072b90 JavaThread "qtp346832564-15" [_thread_in_native, id=3860, stack(0x00007fce7ca1a000,0x00007fce7cb1b000)]
  0x00007fce400717a0 JavaThread "qtp346832564-14" [_thread_in_native, id=3859, stack(0x00007fce7cb1b000,0x00007fce7cc1c000)]
  0x00007fce400703b0 JavaThread "qtp346832564-13" [_thread_blocked, id=3858, stack(0x00007fce7cc1c000,0x00007fce7cd1d000)]
  0x00007fce4006f040 JavaThread "qtp346832564-12" [_thread_blocked, id=3857, stack(0x00007fce7cd1d000,0x00007fce7ce1e000)]
  0x00007fce4006de10 JavaThread "qtp346832564-11-acceptor-0@6e95bd70-ServerConnector@60525ed2{HTTP/1.1,[http/1.1]}{0.0.0.0:31410}" [_thread_in_native, id=3856, stack(0x00007fce7ce1e000,0x00007fce7cf1f000)]
  0x00007fce78008ab0 JavaThread "DestroyJavaVM" [_thread_blocked, id=3845, stack(0x00007fce824f7000,0x00007fce825f7000)]
  0x00007fce7817a800 JavaThread "Thread-0" [_thread_blocked, id=3854, stack(0x00007fce7d22a000,0x00007fce7d32b000)]
  0x00007fce780eb540 JavaThread "Service Thread" daemon [_thread_blocked, id=3852, stack(0x00007fce7d45f000,0x00007fce7d560000)]
  0x00007fce780dc360 JavaThread "C1 CompilerThread1" daemon [_thread_blocked, id=3851, stack(0x00007fce7d561000,0x00007fce7d661000)]
  0x00007fce780da8e0 JavaThread "C2 CompilerThread0" daemon [_thread_blocked, id=3850, stack(0x00007fce7d662000,0x00007fce7d762000)]
  0x00007fce780d9070 JavaThread "Signal Dispatcher" daemon [_thread_blocked, id=3849, stack(0x00007fce7d762000,0x00007fce7d863000)]
  0x00007fce780af520 JavaThread "Finalizer" daemon [_thread_blocked, id=3848, stack(0x00007fce7d863000,0x00007fce7d964000)]
  0x00007fce780ab470 JavaThread "Reference Handler" daemon [_thread_blocked, id=3847, stack(0x00007fce7d964000,0x00007fce7da65000)]

Other Threads:
  0x00007fce780a2050 VMThread [stack: 0x00007fce7da66000,0x00007fce7db66000] [id=3846]

VM state:at safepoint (normal execution)

VM Mutex/Monitor currently owned by a thread:  ([mutex/lock_event])
[0x00007fce78006e60] Threads_lock - owner thread: 0x00007fce780a2050

Heap:
 def new generation   total 18432K, used 4482K [0x00000000c4e00000, 0x00000000c6200000, 0x00000000d8950000)
  eden space 16384K,  14% used [0x00000000c4e00000, 0x00000000c5060b98, 0x00000000c5e00000)
  from space 2048K,  99% used [0x00000000c6000000, 0x00000000c61ffff8, 0x00000000c6200000)
  to   space 2048K,   0% used [0x00000000c5e00000, 0x00000000c5e00000, 0x00000000c6000000)
 tenured generation   total 40960K, used 2194K [0x00000000d8950000, 0x00000000db150000, 0x0000000100000000)
   the space 40960K,   5% used [0x00000000d8950000, 0x00000000d8b74910, 0x00000000d8b74a00, 0x00000000db150000)
 Metaspace       used 10334K, capacity 10546K, committed 10752K, reserved 1058816K
  class space    used 1137K, capacity 1209K, committed 1280K, reserved 1048576K

Card table byte_map: [0x00007fce7e6bf000,0x00007fce7e899000] byte_map_base: 0x00007fce7e098000

Polling page: 0x00007fce8260e000

CodeCache: size=245760Kb used=2595Kb max_used=2595Kb free=243165Kb
 bounds [0x00007fce69000000, 0x00007fce69290000, 0x00007fce78000000]
 total_blobs=1036 nmethods=675 adapters=276
 compilation: enabled

Compilation events (10 events):
Event: 9.222 Thread 0x00007fce780dc360  670       3       java.io.StringWriter::write (10 bytes)
Event: 9.222 Thread 0x00007fce780dc360 nmethod 670 0x00007fce692872d0 code [0x00007fce69287440, 0x00007fce692877a0]
Event: 9.223 Thread 0x00007fce780dc360  671       3       java.util.concurrent.locks.ReentrantLock::isHeldByCurrentThread (8 bytes)
Event: 9.223 Thread 0x00007fce780dc360 nmethod 671 0x00007fce69287910 code [0x00007fce69287a80, 0x00007fce69287dd0]
Event: 1964.288 Thread 0x00007fce780dc360  672       3       org.eclipse.jetty.util.thread.Locker$UnLock::close (11 bytes)
Event: 1964.289 Thread 0x00007fce780dc360 nmethod 672 0x00007fce69287e90 code [0x00007fce69288000, 0x00007fce69288300]
Event: 1964.289 Thread 0x00007fce780dc360  673       3       org.eclipse.jetty.util.thread.Locker::lock (32 bytes)
Event: 1964.290 Thread 0x00007fce780dc360 nmethod 673 0x00007fce69288450 code [0x00007fce69288600, 0x00007fce69288cb0]
Event: 1964.290 Thread 0x00007fce780dc360  674       3       java.nio.Bits::byteOrder (20 bytes)
Event: 1964.290 Thread 0x00007fce780dc360 nmethod 674 0x00007fce69288e90 code [0x00007fce69289000, 0x00007fce69289150]

GC Heap History (2 events):
Event: 9.163 GC heap before
{Heap before GC invocations=0 (full 0):
 def new generation   total 18432K, used 16384K [0x00000000c4e00000, 0x00000000c6200000, 0x00000000d8950000)
  eden space 16384K, 100% used [0x00000000c4e00000, 0x00000000c5e00000, 0x00000000c5e00000)
  from space 2048K,   0% used [0x00000000c5e00000, 0x00000000c5e00000, 0x00000000c6000000)
  to   space 2048K,   0% used [0x00000000c6000000, 0x00000000c6000000, 0x00000000c6200000)
 tenured generation   total 40960K, used 0K [0x00000000d8950000, 0x00000000db150000, 0x0000000100000000)
   the space 40960K,   0% used [0x00000000d8950000, 0x00000000d8950000, 0x00000000d8950200, 0x00000000db150000)
 Metaspace       used 10123K, capacity 10386K, committed 10752K, reserved 1058816K
  class space    used 1104K, capacity 1177K, committed 1280K, reserved 1048576K
Event: 9.177 GC heap after
Heap after GC invocations=1 (full 0):
 def new generation   total 18432K, used 2047K [0x00000000c4e00000, 0x00000000c6200000, 0x00000000d8950000)
  eden space 16384K,   0% used [0x00000000c4e00000, 0x00000000c4e00000, 0x00000000c5e00000)
  from space 2048K,  99% used [0x00000000c6000000, 0x00000000c61ffff8, 0x00000000c6200000)
  to   space 2048K,   0% used [0x00000000c5e00000, 0x00000000c5e00000, 0x00000000c6000000)
 tenured generation   total 40960K, used 2194K [0x00000000d8950000, 0x00000000db150000, 0x0000000100000000)
   the space 40960K,   5% used [0x00000000d8950000, 0x00000000d8b74910, 0x00000000d8b74a00, 0x00000000db150000)
 Metaspace       used 10123K, capacity 10386K, committed 10752K, reserved 1058816K
  class space    used 1104K, capacity 1177K, committed 1280K, reserved 1048576K
}

Deoptimization events (3 events):
Event: 0.475 Thread 0x00007fce7817a800 Uncommon trap: reason=unstable_if action=reinterpret pc=0x00007fce691d21d0 method=java.lang.String.indexOf([CII[CIII)I @ 3
Event: 0.476 Thread 0x00007fce7817a800 Uncommon trap: reason=unstable_if action=reinterpret pc=0x00007fce691a5438 method=java.lang.String.replace(CC)Ljava/lang/String; @ 2
Event: 9.016 Thread 0x00007fce4805b8a0 Uncommon trap: reason=unstable_if action=reinterpret pc=0x00007fce692077f8 method=java.lang.AbstractStringBuilder.append(Ljava/lang/String;)Ljava/lang/AbstractStringBuilder; @ 1

Classes redefined (0 events):
No events

Internal exceptions (10 events):
Event: 0.094 Thread 0x00007fce78008ab0 Exception <a 'java/security/PrivilegedActionException'> (0x00000000c4f4ec98) thrown at [/builddir/build/BUILD/java-1.8.0-openjdk-1.8.0.161-0.b14.fc26.x86_64/openjdk/hotspot/src/share/vm/prims/jvm.cpp, line 1400]
Event: 0.094 Thread 0x00007fce78008ab0 Exception <a 'java/security/PrivilegedActionException'> (0x00000000c4f4f978) thrown at [/builddir/build/BUILD/java-1.8.0-openjdk-1.8.0.161-0.b14.fc26.x86_64/openjdk/hotspot/src/share/vm/prims/jvm.cpp, line 1400]
Event: 0.094 Thread 0x00007fce78008ab0 Exception <a 'java/security/PrivilegedActionException'> (0x00000000c4f4fb88) thrown at [/builddir/build/BUILD/java-1.8.0-openjdk-1.8.0.161-0.b14.fc26.x86_64/openjdk/hotspot/src/share/vm/prims/jvm.cpp, line 1400]
Event: 0.170 Thread 0x00007fce78008ab0 Exception <a 'java/lang/NoSuchFieldError': method resolution failed> (0x00000000c5048cd0) thrown at [/builddir/build/BUILD/java-1.8.0-openjdk-1.8.0.161-0.b14.fc26.x86_64/openjdk/hotspot/src/share/vm/prims/methodHandles.cpp, line 1167]
Event: 0.177 Thread 0x00007fce78008ab0 Exception <a 'java/lang/NoSuchFieldError': method resolution failed> (0x00000000c50560d0) thrown at [/builddir/build/BUILD/java-1.8.0-openjdk-1.8.0.161-0.b14.fc26.x86_64/openjdk/hotspot/src/share/vm/prims/methodHandles.cpp, line 1167]
Event: 9.016 Thread 0x00007fce4805b8a0 Implicit null exception at 0x00007fce69207436 to 0x00007fce692077e1
Event: 9.192 Thread 0x00007fce4805b8a0 Exception <a 'java/lang/ArrayIndexOutOfBoundsException': 18> (0x00000000c4e0b680) thrown at [/builddir/build/BUILD/java-1.8.0-openjdk-1.8.0.161-0.b14.fc26.x86_64/openjdk/hotspot/src/share/vm/interpreter/interpreterRuntime.cpp, line 369]
Event: 9.197 Thread 0x00007fce4805b8a0 Exception <a 'java/lang/ArrayIndexOutOfBoundsException'> (0x00000000c4e102a0) thrown at [/builddir/build/BUILD/java-1.8.0-openjdk-1.8.0.161-0.b14.fc26.x86_64/openjdk/hotspot/src/share/vm/runtime/sharedRuntime.cpp, line 619]
Event: 9.199 Thread 0x00007fce4805b8a0 Exception <a 'java/lang/ArrayIndexOutOfBoundsException'> (0x00000000c4e16358) thrown at [/builddir/build/BUILD/java-1.8.0-openjdk-1.8.0.161-0.b14.fc26.x86_64/openjdk/hotspot/src/share/vm/runtime/sharedRuntime.cpp, line 619]
Event: 9.199 Thread 0x00007fce4805b8a0 Exception <a 'java/lang/ArrayIndexOutOfBoundsException'> (0x00000000c4e178c0) thrown at [/builddir/build/BUILD/java-1.8.0-openjdk-1.8.0.161-0.b14.fc26.x86_64/openjdk/hotspot/src/share/vm/runtime/sharedRuntime.cpp, line 619]

Events (10 events):
Event: 1964.288 loading class java/util/concurrent/ConcurrentHashMap$KeyIterator
Event: 1964.288 loading class java/util/concurrent/ConcurrentHashMap$KeyIterator done
Event: 1964.289 loading class org/eclipse/jetty/io/WriteFlusher$1
Event: 1964.289 loading class org/eclipse/jetty/io/WriteFlusher$1 done
Event: 1964.290 Thread 0x00007fce50006990 Thread added: 0x00007fce50006990
Event: 1964.290 loading class java/lang/Shutdown
Event: 1964.290 loading class java/lang/Shutdown done
Event: 1964.290 loading class java/lang/Shutdown$Lock
Event: 1964.290 loading class java/lang/Shutdown$Lock done
Event: 1964.291 Thread 0x00007fce6003f410 Thread added: 0x00007fce6003f410


Dynamic libraries:
c4e00000-c6200000 rw-p 00000000 00:00 0 
c6200000-d8950000 ---p 00000000 00:00 0 
d8950000-db150000 rw-p 00000000 00:00 0 
db150000-100000000 ---p 00000000 00:00 0 
100000000-100140000 rw-p 00000000 00:00 0 
100140000-140000000 ---p 00000000 00:00 0 
5623ebaa3000-5623ebaa4000 r-xp 00000000 fd:00 422254                     /usr/lib/jvm/java-1.8.0-openjdk-1.8.0.161-0.b14.fc26.x86_64/jre/bin/java
5623ebca3000-5623ebca4000 r--p 00000000 fd:00 422254                     /usr/lib/jvm/java-1.8.0-openjdk-1.8.0.161-0.b14.fc26.x86_64/jre/bin/java
5623ebca4000-5623ebca5000 rw-p 00001000 fd:00 422254                     /usr/lib/jvm/java-1.8.0-openjdk-1.8.0.161-0.b14.fc26.x86_64/jre/bin/java
5623ed5cc000-5623ed64a000 rw-p 00000000 00:00 0                          [heap]
7fce40000000-7fce400e5000 rw-p 00000000 00:00 0 
7fce400e5000-7fce44000000 ---p 00000000 00:00 0 
7fce48000000-7fce48124000 rw-p 00000000 00:00 0 
7fce48124000-7fce4c000000 ---p 00000000 00:00 0 
7fce4c000000-7fce4c292000 rw-p 00000000 00:00 0 
7fce4c292000-7fce50000000 ---p 00000000 00:00 0 
7fce50000000-7fce50021000 rw-p 00000000 00:00 0 
7fce50021000-7fce54000000 ---p 00000000 00:00 0 
7fce55461000-7fce5c000000 r--p 00000000 fd:00 130848                     /usr/lib/locale/locale-archive
7fce5c000000-7fce5c021000 rw-p 00000000 00:00 0 
7fce5c021000-7fce60000000 ---p 00000000 00:00 0 
7fce60000000-7fce60042000 rw-p 00000000 00:00 0 
7fce60042000-7fce64000000 ---p 00000000 00:00 0 
7fce64000000-7fce64042000 rw-p 00000000 00:00 0 
7fce64042000-7fce68000000 ---p 00000000 00:00 0 
7fce68bfe000-7fce68d3e000 rw-p 00000000 00:00 0 
7fce68d3e000-7fce68dfe000 ---p 00000000 00:00 0 
7fce68dfe000-7fce68e01000 ---p 00000000 00:00 0 
7fce68e01000-7fce68eff000 rw-p 00000000 00:00 0 
7fce68eff000-7fce68f02000 ---p 00000000 00:00 0 
7fce68f02000-7fce69000000 rw-p 00000000 00:00 0 
7fce69000000-7fce69290000 rwxp 00000000 00:00 0 
7fce69290000-7fce78000000 ---p 00000000 00:00 0 
7fce78000000-7fce781d5000 rw-p 00000000 00:00 0 
7fce781d5000-7fce7c000000 ---p 00000000 00:00 0 
7fce7c0ea000-7fce7c0ed000 ---p 00000000 00:00 0 
7fce7c0ed000-7fce7c1eb000 rw-p 00000000 00:00 0 
7fce7c1eb000-7fce7c1ee000 ---p 00000000 00:00 0 
7fce7c1ee000-7fce7c2ec000 rw-p 00000000 00:00 0 
7fce7c2ec000-7fce7c2fd000 r-xp 00000000 fd:00 422291                     /usr/lib/jvm/java-1.8.0-openjdk-1.8.0.161-0.b14.fc26.x86_64/jre/lib/amd64/libnio.so
7fce7c2fd000-7fce7c4fd000 ---p 00011000 fd:00 422291                     /usr/lib/jvm/java-1.8.0-openjdk-1.8.0.161-0.b14.fc26.x86_64/jre/lib/amd64/libnio.so
7fce7c4fd000-7fce7c4fe000 r--p 00011000 fd:00 422291                     /usr/lib/jvm/java-1.8.0-openjdk-1.8.0.161-0.b14.fc26.x86_64/jre/lib/amd64/libnio.so
7fce7c4fe000-7fce7c4ff000 rw-p 00012000 fd:00 422291                     /usr/lib/jvm/java-1.8.0-openjdk-1.8.0.161-0.b14.fc26.x86_64/jre/lib/amd64/libnio.so
7fce7c4ff000-7fce7c515000 r-xp 00000000 fd:00 422290                     /usr/lib/jvm/java-1.8.0-openjdk-1.8.0.161-0.b14.fc26.x86_64/jre/lib/amd64/libnet.so
7fce7c515000-7fce7c715000 ---p 00016000 fd:00 422290                     /usr/lib/jvm/java-1.8.0-openjdk-1.8.0.161-0.b14.fc26.x86_64/jre/lib/amd64/libnet.so
7fce7c715000-7fce7c716000 r--p 00016000 fd:00 422290                     /usr/lib/jvm/java-1.8.0-openjdk-1.8.0.161-0.b14.fc26.x86_64/jre/lib/amd64/libnet.so
7fce7c716000-7fce7c717000 rw-p 00017000 fd:00 422290                     /usr/lib/jvm/java-1.8.0-openjdk-1.8.0.161-0.b14.fc26.x86_64/jre/lib/amd64/libnet.so
7fce7c717000-7fce7c71a000 ---p 00000000 00:00 0 
7fce7c71a000-7fce7c818000 rw-p 00000000 00:00 0 
7fce7c818000-7fce7c81b000 ---p 00000000 00:00 0 
7fce7c81b000-7fce7c919000 rw-p 00000000 00:00 0 
7fce7c919000-7fce7c91c000 ---p 00000000 00:00 0 
7fce7c91c000-7fce7ca1a000 rw-p 00000000 00:00 0 
7fce7ca1a000-7fce7ca1d000 ---p 00000000 00:00 0 
7fce7ca1d000-7fce7cb1b000 rw-p 00000000 00:00 0 
7fce7cb1b000-7fce7cb1e000 ---p 00000000 00:00 0 
7fce7cb1e000-7fce7cc1c000 rw-p 00000000 00:00 0 
7fce7cc1c000-7fce7cc1f000 ---p 00000000 00:00 0 
7fce7cc1f000-7fce7cd1d000 rw-p 00000000 00:00 0 
7fce7cd1d000-7fce7cd20000 ---p 00000000 00:00 0 
7fce7cd20000-7fce7ce1e000 rw-p 00000000 00:00 0 
7fce7ce1e000-7fce7ce21000 ---p 00000000 00:00 0 
7fce7ce21000-7fce7cf1f000 rw-p 00000000 00:00 0 
7fce7cf1f000-7fce7cf22000 ---p 00000000 00:00 0 
7fce7cf22000-7fce7d020000 rw-p 00000000 00:00 0 
7fce7d020000-7fce7d028000 r-xp 00000000 fd:00 422288                     /usr/lib/jvm/java-1.8.0-openjdk-1.8.0.161-0.b14.fc26.x86_64/jre/lib/amd64/libmanagement.so
7fce7d028000-7fce7d228000 ---p 00008000 fd:00 422288                     /usr/lib/jvm/java-1.8.0-openjdk-1.8.0.161-0.b14.fc26.x86_64/jre/lib/amd64/libmanagement.so
7fce7d228000-7fce7d229000 r--p 00008000 fd:00 422288                     /usr/lib/jvm/java-1.8.0-openjdk-1.8.0.161-0.b14.fc26.x86_64/jre/lib/amd64/libmanagement.so
7fce7d229000-7fce7d22a000 rw-p 00009000 fd:00 422288                     /usr/lib/jvm/java-1.8.0-openjdk-1.8.0.161-0.b14.fc26.x86_64/jre/lib/amd64/libmanagement.so
7fce7d22a000-7fce7d22d000 ---p 00000000 00:00 0 
7fce7d22d000-7fce7d32b000 rw-p 00000000 00:00 0 
7fce7d32b000-7fce7d35e000 r--s 00374000 fd:00 934836                     /home/stock/IdeaProjects/t10/target/original-server-0.1.jar (deleted)
7fce7d35e000-7fce7d35f000 ---p 00000000 00:00 0 
7fce7d35f000-7fce7d45f000 rw-p 00000000 00:00 0 
7fce7d45f000-7fce7d462000 ---p 00000000 00:00 0 
7fce7d462000-7fce7d560000 rw-p 00000000 00:00 0 
7fce7d560000-7fce7d564000 ---p 00000000 00:00 0 
7fce7d564000-7fce7d661000 rw-p 00000000 00:00 0 
7fce7d661000-7fce7d665000 ---p 00000000 00:00 0 
7fce7d665000-7fce7d762000 rw-p 00000000 00:00 0 
7fce7d762000-7fce7d765000 ---p 00000000 00:00 0 
7fce7d765000-7fce7d863000 rw-p 00000000 00:00 0 
7fce7d863000-7fce7d866000 ---p 00000000 00:00 0 
7fce7d866000-7fce7d964000 rw-p 00000000 00:00 0 
7fce7d964000-7fce7d967000 ---p 00000000 00:00 0 
7fce7d967000-7fce7da65000 rw-p 00000000 00:00 0 
7fce7da65000-7fce7da66000 ---p 00000000 00:00 0 
7fce7da66000-7fce7dbb4000 rw-p 00000000 00:00 0 
7fce7dbb4000-7fce7dd83000 r--s 04409000 fd:00 281659                     /usr/lib/jvm/java-1.8.0-openjdk-1.8.0.161-0.b14.fc26.x86_64/jre/lib/rt.jar
7fce7dd83000-7fce7e598000 rw-p 00000000 00:00 0 
7fce7e598000-7fce7e6bf000 ---p 00000000 00:00 0 
7fce7e6bf000-7fce7e6c9000 rw-p 00000000 00:00 0 
7fce7e6c9000-7fce7e75c000 ---p 00000000 00:00 0 
7fce7e75c000-7fce7e771000 rw-p 00000000 00:00 0 
7fce7e771000-7fce7e898000 ---p 00000000 00:00 0 
7fce7e898000-7fce7e8a4000 rw-p 00000000 00:00 0 
7fce7e8a4000-7fce7ec59000 ---p 00000000 00:00 0 
7fce7ec59000-7fce7ec61000 r-xp 00000000 fd:00 422298                     /usr/lib/jvm/java-1.8.0-openjdk-1.8.0.161-0.b14.fc26.x86_64/jre/lib/amd64/libzip.so
7fce7ec61000-7fce7ee60000 ---p 00008000 fd:00 422298                     /usr/lib/jvm/java-1.8.0-openjdk-1.8.0.161-0.b14.fc26.x86_64/jre/lib/amd64/libzip.so
7fce7ee60000-7fce7ee61000 r--p 00007000 fd:00 422298                     /usr/lib/jvm/java-1.8.0-openjdk-1.8.0.161-0.b14.fc26.x86_64/jre/lib/amd64/libzip.so
7fce7ee61000-7fce7ee62000 rw-p 00000000 00:00 0 
7fce7ee62000-7fce7f667000 r--s 00000000 fd:00 785532                     /var/lib/sss/mc/passwd
7fce7f667000-7fce7f66f000 r-xp 00000000 fd:00 143693                     /usr/lib64/libnss_sss.so.2
7fce7f66f000-7fce7f86e000 ---p 00008000 fd:00 143693                     /usr/lib64/libnss_sss.so.2
7fce7f86e000-7fce7f86f000 r--p 00007000 fd:00 143693                     /usr/lib64/libnss_sss.so.2
7fce7f86f000-7fce7f870000 rw-p 00008000 fd:00 143693                     /usr/lib64/libnss_sss.so.2
7fce7f870000-7fce7f89e000 r-xp 00000000 fd:00 422280                     /usr/lib/jvm/java-1.8.0-openjdk-1.8.0.161-0.b14.fc26.x86_64/jre/lib/amd64/libjava.so
7fce7f89e000-7fce7fa9e000 ---p 0002e000 fd:00 422280                     /usr/lib/jvm/java-1.8.0-openjdk-1.8.0.161-0.b14.fc26.x86_64/jre/lib/amd64/libjava.so
7fce7fa9e000-7fce7fa9f000 r--p 0002e000 fd:00 422280                     /usr/lib/jvm/java-1.8.0-openjdk-1.8.0.161-0.b14.fc26.x86_64/jre/lib/amd64/libjava.so
7fce7fa9f000-7fce7faa0000 rw-p 0002f000 fd:00 422280                     /usr/lib/jvm/java-1.8.0-openjdk-1.8.0.161-0.b14.fc26.x86_64/jre/lib/amd64/libjava.so
7fce7faa0000-7fce7faa1000 rw-p 00000000 00:00 0 
7fce7faa1000-7fce7faae000 r-xp 00000000 fd:00 422297                     /usr/lib/jvm/java-1.8.0-openjdk-1.8.0.161-0.b14.fc26.x86_64/jre/lib/amd64/libverify.so
7fce7faae000-7fce7fcad000 ---p 0000d000 fd:00 422297                     /usr/lib/jvm/java-1.8.0-openjdk-1.8.0.161-0.b14.fc26.x86_64/jre/lib/amd64/libverify.so
7fce7fcad000-7fce7fcaf000 r--p 0000c000 fd:00 422297                     /usr/lib/jvm/java-1.8.0-openjdk-1.8.0.161-0.b14.fc26.x86_64/jre/lib/amd64/libverify.so
7fce7fcaf000-7fce7fcb0000 rw-p 00000000 00:00 0 
7fce7fcb0000-7fce7fcb7000 r-xp 00000000 fd:00 139957                     /usr/lib64/librt-2.25.so
7fce7fcb7000-7fce7feb6000 ---p 00007000 fd:00 139957                     /usr/lib64/librt-2.25.so
7fce7feb6000-7fce7feb7000 r--p 00006000 fd:00 139957                     /usr/lib64/librt-2.25.so
7fce7feb7000-7fce7feb8000 rw-p 00007000 fd:00 139957                     /usr/lib64/librt-2.25.so
7fce7feb8000-7fce7fece000 r-xp 00000000 fd:00 138217                     /usr/lib64/libgcc_s-7-20180130.so.1
7fce7fece000-7fce800cd000 ---p 00016000 fd:00 138217                     /usr/lib64/libgcc_s-7-20180130.so.1
7fce800cd000-7fce800ce000 r--p 00015000 fd:00 138217                     /usr/lib64/libgcc_s-7-20180130.so.1
7fce800ce000-7fce800cf000 rw-p 00016000 fd:00 138217                     /usr/lib64/libgcc_s-7-20180130.so.1
7fce800cf000-7fce801e4000 r-xp 00000000 fd:00 139372                     /usr/lib64/libm-2.25.so
7fce801e4000-7fce803e3000 ---p 00115000 fd:00 139372                     /usr/lib64/libm-2.25.so
7fce803e3000-7fce803e4000 r--p 00114000 fd:00 139372                     /usr/lib64/libm-2.25.so
7fce803e4000-7fce803e5000 rw-p 00115000 fd:00 139372                     /usr/lib64/libm-2.25.so
7fce803e5000-7fce8055f000 r-xp 00000000 fd:00 140033                     /usr/lib64/libstdc++.so.6.0.24
7fce8055f000-7fce8075f000 ---p 0017a000 fd:00 140033                     /usr/lib64/libstdc++.so.6.0.24
7fce8075f000-7fce80769000 r--p 0017a000 fd:00 140033                     /usr/lib64/libstdc++.so.6.0.24
7fce80769000-7fce8076b000 rw-p 00184000 fd:00 140033                     /usr/lib64/libstdc++.so.6.0.24
7fce8076b000-7fce8076e000 rw-p 00000000 00:00 0 
7fce8076e000-7fce814d9000 r-xp 00000000 fd:00 422302                     /usr/lib/jvm/java-1.8.0-openjdk-1.8.0.161-0.b14.fc26.x86_64/jre/lib/amd64/server/libjvm.so
7fce814d9000-7fce816d9000 ---p 00d6b000 fd:00 422302                     /usr/lib/jvm/java-1.8.0-openjdk-1.8.0.161-0.b14.fc26.x86_64/jre/lib/amd64/server/libjvm.so
7fce816d9000-7fce81775000 r--p 00d6b000 fd:00 422302                     /usr/lib/jvm/java-1.8.0-openjdk-1.8.0.161-0.b14.fc26.x86_64/jre/lib/amd64/server/libjvm.so
7fce81775000-7fce8179e000 rw-p 00e07000 fd:00 422302                     /usr/lib/jvm/java-1.8.0-openjdk-1.8.0.161-0.b14.fc26.x86_64/jre/lib/amd64/server/libjvm.so
7fce8179e000-7fce817ce000 rw-p 00000000 00:00 0 
7fce817ce000-7fce81999000 r-xp 00000000 fd:00 139220                     /usr/lib64/libc-2.25.so
7fce81999000-7fce81b99000 ---p 001cb000 fd:00 139220                     /usr/lib64/libc-2.25.so
7fce81b99000-7fce81b9d000 r--p 001cb000 fd:00 139220                     /usr/lib64/libc-2.25.so
7fce81b9d000-7fce81b9f000 rw-p 001cf000 fd:00 139220                     /usr/lib64/libc-2.25.so
7fce81b9f000-7fce81ba3000 rw-p 00000000 00:00 0 
7fce81ba3000-7fce81ba6000 r-xp 00000000 fd:00 139316                     /usr/lib64/libdl-2.25.so
7fce81ba6000-7fce81da5000 ---p 00003000 fd:00 139316                     /usr/lib64/libdl-2.25.so
7fce81da5000-7fce81da6000 r--p 00002000 fd:00 139316                     /usr/lib64/libdl-2.25.so
7fce81da6000-7fce81da7000 rw-p 00003000 fd:00 139316                     /usr/lib64/libdl-2.25.so
7fce81da7000-7fce81db5000 r-xp 00000000 fd:00 422267                     /usr/lib/jvm/java-1.8.0-openjdk-1.8.0.161-0.b14.fc26.x86_64/jre/lib/amd64/jli/libjli.so
7fce81db5000-7fce81fb4000 ---p 0000e000 fd:00 422267                     /usr/lib/jvm/java-1.8.0-openjdk-1.8.0.161-0.b14.fc26.x86_64/jre/lib/amd64/jli/libjli.so
7fce81fb4000-7fce81fb5000 r--p 0000d000 fd:00 422267                     /usr/lib/jvm/java-1.8.0-openjdk-1.8.0.161-0.b14.fc26.x86_64/jre/lib/amd64/jli/libjli.so
7fce81fb5000-7fce81fb6000 rw-p 00000000 00:00 0 
7fce81fb6000-7fce81fcc000 r-xp 00000000 fd:00 141546                     /usr/lib64/libz.so.1.2.11
7fce81fcc000-7fce821cb000 ---p 00016000 fd:00 141546                     /usr/lib64/libz.so.1.2.11
7fce821cb000-7fce821cc000 r--p 00015000 fd:00 141546                     /usr/lib64/libz.so.1.2.11
7fce821cc000-7fce821cd000 rw-p 00000000 00:00 0 
7fce821cd000-7fce821e6000 r-xp 00000000 fd:00 139857                     /usr/lib64/libpthread-2.25.so
7fce821e6000-7fce823e6000 ---p 00019000 fd:00 139857                     /usr/lib64/libpthread-2.25.so
7fce823e6000-7fce823e7000 r--p 00019000 fd:00 139857                     /usr/lib64/libpthread-2.25.so
7fce823e7000-7fce823e8000 rw-p 0001a000 fd:00 139857                     /usr/lib64/libpthread-2.25.so
7fce823e8000-7fce823ec000 rw-p 00000000 00:00 0 
7fce823ec000-7fce82412000 r-xp 00000000 fd:00 142793                     /usr/lib64/ld-2.25.so
7fce82425000-7fce824f6000 rw-p 00000000 00:00 0 
7fce824f6000-7fce824fa000 ---p 00000000 00:00 0 
7fce824fa000-7fce825f9000 rw-p 00000000 00:00 0 
7fce82600000-7fce82605000 r--s 000b6000 fd:00 281653                     /usr/lib/jvm/java-1.8.0-openjdk-1.8.0.161-0.b14.fc26.x86_64/jre/lib/jsse.jar
7fce82605000-7fce8260d000 rw-s 00000000 00:29 64131                      /tmp/hsperfdata_stock/3844
7fce8260d000-7fce8260e000 rw-p 00000000 00:00 0 
7fce8260e000-7fce8260f000 ---p 00000000 00:00 0 
7fce8260f000-7fce82611000 rw-p 00000000 00:00 0 
7fce82611000-7fce82612000 r--p 00025000 fd:00 142793                     /usr/lib64/ld-2.25.so
7fce82612000-7fce82614000 rw-p 00026000 fd:00 142793                     /usr/lib64/ld-2.25.so
7ffffd78a000-7ffffd7ab000 rw-p 00000000 00:00 0                          [stack]
7ffffd7ae000-7ffffd7b1000 r--p 00000000 00:00 0                          [vvar]
7ffffd7b1000-7ffffd7b3000 r-xp 00000000 00:00 0                          [vdso]
ffffffffff600000-ffffffffff601000 r-xp 00000000 00:00 0                  [vsyscall]

VM Arguments:
java_command: target/server-0.1.jar
java_class_path (initial): target/server-0.1.jar
Launcher Type: SUN_STANDARD

Environment Variables:
PATH=/usr/local/bin:/usr/local/sbin:/usr/bin:/usr/sbin:/home/stock/.local/bin:/home/stock/bin:/home/stock/.local/bin:/home/stock/bin
USERNAME=stock
SHELL=/bin/bash
DISPLAY=:0

Signal Handlers:
SIGSEGV: [libjvm.so+0xb6a7a0], sa_mask[0]=11111111011111111101111111111110, sa_flags=SA_RESTART|SA_SIGINFO
SIGBUS: [libjvm.so+0xb6a7a0], sa_mask[0]=11111111011111111101111111111110, sa_flags=SA_RESTART|SA_SIGINFO
SIGFPE: [libjvm.so+0x91a5e0], sa_mask[0]=11111111011111111101111111111110, sa_flags=SA_RESTART|SA_SIGINFO
SIGPIPE: [libjvm.so+0x91a5e0], sa_mask[0]=11111111011111111101111111111110, sa_flags=SA_RESTART|SA_SIGINFO
SIGXFSZ: [libjvm.so+0x91a5e0], sa_mask[0]=11111111011111111101111111111110, sa_flags=SA_RESTART|SA_SIGINFO
SIGILL: [libjvm.so+0x91a5e0], sa_mask[0]=11111111011111111101111111111110, sa_flags=SA_RESTART|SA_SIGINFO
SIGUSR1: SIG_DFL, sa_mask[0]=00000000000000000000000000000000, sa_flags=none
SIGUSR2: [libjvm.so+0x91a490], sa_mask[0]=00100000000000000000000000000000, sa_flags=SA_RESTART|SA_SIGINFO
SIGHUP: [libjvm.so+0x91a940], sa_mask[0]=11111111011111111101111111111110, sa_flags=SA_RESTART|SA_SIGINFO
SIGINT: [libjvm.so+0x91a940], sa_mask[0]=11111111011111111101111111111110, sa_flags=SA_RESTART|SA_SIGINFO
SIGTERM: [libjvm.so+0x91a940], sa_mask[0]=11111111011111111101111111111110, sa_flags=SA_RESTART|SA_SIGINFO
SIGQUIT: [libjvm.so+0x91a940], sa_mask[0]=11111111011111111101111111111110, sa_flags=SA_RESTART|SA_SIGINFO


---------------  S Y S T E M  ---------------

OS:Fedora release 26 (Twenty Six)

uname:Linux 4.14.16-200.fc26.x86_64 #1 SMP Wed Jan 31 19:34:52 UTC 2018 x86_64
libc:glibc 2.25 NPTL 2.25 
rlimit: STACK 8192k, CORE infinity, NPROC 15029, NOFILE 4096, AS infinity
load average:0.71 1.07 0.74

/proc/meminfo:
MemTotal:        3872352 kB
MemFree:          326340 kB
MemAvailable:     823120 kB
Buffers:           18924 kB
Cached:           636180 kB
SwapCached:           48 kB
Active:          2491588 kB
Inactive:         805752 kB
Active(anon):    2162892 kB
Inactive(anon):   469748 kB
Active(file):     328696 kB
Inactive(file):   336004 kB
Unevictable:          32 kB
Mlocked:              32 kB
SwapTotal:       2310140 kB
SwapFree:        2297584 kB
Dirty:              2928 kB
Writeback:             0 kB
AnonPages:       2642232 kB
Mapped:           390380 kB
Shmem:             31436 kB
Slab:             120672 kB
SReclaimable:      68012 kB
SUnreclaim:        52660 kB
KernelStack:       12272 kB
PageTables:        67696 kB
NFS_Unstable:          0 kB
Bounce:                0 kB
WritebackTmp:          0 kB
CommitLimit:     4246316 kB
Committed_AS:    8006776 kB
VmallocTotal:   34359738367 kB
VmallocUsed:           0 kB
VmallocChunk:          0 kB
HardwareCorrupted:     0 kB
AnonHugePages:         0 kB
ShmemHugePages:        0 kB
ShmemPmdMapped:        0 kB
CmaTotal:              0 kB
CmaFree:               0 kB
HugePages_Total:       0
HugePages_Free:        0
HugePages_Rsvd:        0
HugePages_Surp:        0
Hugepagesize:       2048 kB
DirectMap4k:      136128 kB
DirectMap2M:     3889152 kB


CPU:total 1 (initial active 1) (1 cores per cpu, 1 threads per core) family 6 model 142 stepping 9, cmov, cx8, fxsr, mmx, sse, sse2, sse3, ssse3, sse4.1, sse4.2, popcnt, avx, avx2, aes, clmul, 3dnowpref, lzcnt, tsc, tscinvbit

/proc/cpuinfo:
processor	: 0
vendor_id	: GenuineIntel
cpu family	: 6
model		: 142
model name	: Intel(R) Core(TM) i5-7200U CPU @ 2.50GHz
stepping	: 9
cpu MHz		: 2711.998
cache size	: 3072 KB
physical id	: 0
siblings	: 1
core id		: 0
cpu cores	: 1
apicid		: 0
initial apicid	: 0
fpu		: yes
fpu_exception	: yes
cpuid level	: 22
wp		: yes
flags		: fpu vme de pse tsc msr pae mce cx8 apic sep mtrr pge mca cmov pat pse36 clflush mmx fxsr sse sse2 syscall nx rdtscp lm constant_tsc rep_good nopl xtopology nonstop_tsc cpuid pni pclmulqdq monitor ssse3 cx16 sse4_1 sse4_2 x2apic movbe popcnt aes xsave avx rdrand hypervisor lahf_lm abm 3dnowprefetch pti retpoline rsb_ctxsw avx2 rdseed clflushopt
bugs		: cpu_meltdown spectre_v1 spectre_v2
bogomips	: 5423.99
clflush size	: 64
cache_alignment	: 64
address sizes	: 39 bits physical, 48 bits virtual
power management:



Memory: 4k page, physical 3872352k(326340k free), swap 2310140k(2297584k free)

vm_info: OpenJDK 64-Bit Server VM (25.161-b14) for linux-amd64 JRE (1.8.0_161-b14), built on Jan 24 2018 15:04:16 by "mockbuild" with gcc 7.2.1 20170915 (Red Hat 7.2.1-2)

time: Mon Feb 12 18:30:00 2018
elapsed time: 1964 seconds (0d 0h 32m 44s)

